2023-04-18 16:29:46,831 ERROR 65712 [-/::1/-/6ms GET /schema] nodejs.TypeError: this.ctx.body is not a function
    at NewsController.cache (/Users/yingchun.he/study/egg-example/app/controller/schema.js:428:14)
    at Object.callFn (/Users/yingchun.he/study/egg-example/node_modules/egg-core/lib/utils/index.js:44:21)
    at Object.classControllerMiddleware (/Users/yingchun.he/study/egg-example/node_modules/egg-core/lib/loader/mixin/controller.js:87:20)
    at Object.callFn (/Users/yingchun.he/study/egg-example/node_modules/@eggjs/router/lib/utils.js:12:21)
    at wrappedController (/Users/yingchun.he/study/egg-example/node_modules/@eggjs/router/lib/egg_router.js:322:18)
    at dispatch (/Users/yingchun.he/study/egg-example/node_modules/koa-compose/index.js:44:32)
    at next (/Users/yingchun.he/study/egg-example/node_modules/koa-compose/index.js:45:18)
    at /Users/yingchun.he/study/egg-example/node_modules/@eggjs/router/lib/router.js:186:18
    at dispatch (/Users/yingchun.he/study/egg-example/node_modules/koa-compose/index.js:44:32)
    at /Users/yingchun.he/study/egg-example/node_modules/koa-compose/index.js:36:12

pid: 65712
hostname: hehe-2.local

2023-04-18 18:27:56,546 ERROR 83482 nodejs.ClusterClientNoResponseError: client no response in 910077ms exceeding maxIdleTime 60000ms, maybe the connection is close on other side.
    at Timeout._onTimeout (/Users/yingchun.he/study/egg-example/node_modules/cluster-client/lib/leader.js:79:25)
    at listOnTimeout (node:internal/timers:559:17)
    at processTimers (node:internal/timers:502:7)
name: "ClusterClientNoResponseError"
pid: 83482
hostname: hehe-2.local

2023-04-18 18:44:56,167 ERROR 83482 nodejs.ClusterClientNoResponseError: client no response in 958577ms exceeding maxIdleTime 60000ms, maybe the connection is close on other side.
    at Timeout._onTimeout (/Users/yingchun.he/study/egg-example/node_modules/cluster-client/lib/leader.js:79:25)
    at listOnTimeout (node:internal/timers:559:17)
    at processTimers (node:internal/timers:502:7)
name: "ClusterClientNoResponseError"
pid: 83482
hostname: hehe-2.local

2023-04-18 19:41:01,692 ERROR 96619 [-/::1/-/9ms GET /getSchema] nodejs.TypeError: Cannot set property header of #<Object> which has only a getter
    at NewsController.cache (/Users/yingchun.he/study/egg-example/app/controller/schema.js:429:30)
    at Object.callFn (/Users/yingchun.he/study/egg-example/node_modules/egg-core/lib/utils/index.js:44:21)
    at Object.classControllerMiddleware (/Users/yingchun.he/study/egg-example/node_modules/egg-core/lib/loader/mixin/controller.js:87:20)
    at Object.callFn (/Users/yingchun.he/study/egg-example/node_modules/@eggjs/router/lib/utils.js:12:21)
    at wrappedController (/Users/yingchun.he/study/egg-example/node_modules/@eggjs/router/lib/egg_router.js:322:18)
    at dispatch (/Users/yingchun.he/study/egg-example/node_modules/koa-compose/index.js:44:32)
    at next (/Users/yingchun.he/study/egg-example/node_modules/koa-compose/index.js:45:18)
    at /Users/yingchun.he/study/egg-example/node_modules/@eggjs/router/lib/router.js:186:18
    at dispatch (/Users/yingchun.he/study/egg-example/node_modules/koa-compose/index.js:44:32)
    at /Users/yingchun.he/study/egg-example/node_modules/koa-compose/index.js:36:12

pid: 96619
hostname: hehe-2.local

2023-04-18 19:42:42,069 ERROR 96823 [-/::1/-/9ms GET /getSchema] nodejs.TypeError: Cannot read properties of undefined (reading 'apply')
    at Object.proto.<computed> [as set] (/Users/yingchun.he/study/egg-example/node_modules/delegates/index.js:40:31)
    at xframe (/Users/yingchun.he/study/egg-example/node_modules/egg-security/lib/middlewares/xframe.js:16:9)
    at processTicksAndRejections (node:internal/process/task_queues:96:5)
    at async xssProtection (/Users/yingchun.he/study/egg-example/node_modules/egg-security/lib/middlewares/xssProtection.js:7:5)
    at async nosniff (/Users/yingchun.he/study/egg-example/node_modules/egg-security/lib/middlewares/nosniff.js:8:5)
    at async noopen (/Users/yingchun.he/study/egg-example/node_modules/egg-security/lib/middlewares/noopen.js:8:5)
    at async session (/Users/yingchun.he/study/egg-example/node_modules/koa-session/index.js:41:7)
    at async bodyParser (/Users/yingchun.he/study/egg-example/node_modules/koa-bodyparser/index.js:91:5)
    at async /Users/yingchun.he/study/egg-example/node_modules/koa-static-cache/index.js:41:56
    at async notfound (/Users/yingchun.he/study/egg-example/node_modules/egg/app/middleware/notfound.js:5:5)
headerSent: true
pid: 96823
hostname: hehe-2.local

2023-04-18 19:42:50,568 ERROR 96842 [-/::1/-/11ms GET /getSchema] nodejs.TypeError: Cannot read properties of undefined (reading 'apply')
    at Object.proto.<computed> [as set] (/Users/yingchun.he/study/egg-example/node_modules/delegates/index.js:40:31)
    at xframe (/Users/yingchun.he/study/egg-example/node_modules/egg-security/lib/middlewares/xframe.js:16:9)
    at processTicksAndRejections (node:internal/process/task_queues:96:5)
    at async xssProtection (/Users/yingchun.he/study/egg-example/node_modules/egg-security/lib/middlewares/xssProtection.js:7:5)
    at async nosniff (/Users/yingchun.he/study/egg-example/node_modules/egg-security/lib/middlewares/nosniff.js:8:5)
    at async noopen (/Users/yingchun.he/study/egg-example/node_modules/egg-security/lib/middlewares/noopen.js:8:5)
    at async session (/Users/yingchun.he/study/egg-example/node_modules/koa-session/index.js:41:7)
    at async bodyParser (/Users/yingchun.he/study/egg-example/node_modules/koa-bodyparser/index.js:91:5)
    at async /Users/yingchun.he/study/egg-example/node_modules/koa-static-cache/index.js:41:56
    at async notfound (/Users/yingchun.he/study/egg-example/node_modules/egg/app/middleware/notfound.js:5:5)
headerSent: true
pid: 96842
hostname: hehe-2.local

