2023-04-18 16:29:46,832 ERROR 65712 [-/::1/-/6ms GET /schema] nodejs.TypeError: this.ctx.body is not a function
    at NewsController.cache (/Users/yingchun.he/study/egg-example/app/controller/schema.js:428:14)
    at Object.callFn (/Users/yingchun.he/study/egg-example/node_modules/egg-core/lib/utils/index.js:44:21)
    at Object.classControllerMiddleware (/Users/yingchun.he/study/egg-example/node_modules/egg-core/lib/loader/mixin/controller.js:87:20)
    at Object.callFn (/Users/yingchun.he/study/egg-example/node_modules/@eggjs/router/lib/utils.js:12:21)
    at wrappedController (/Users/yingchun.he/study/egg-example/node_modules/@eggjs/router/lib/egg_router.js:322:18)
    at dispatch (/Users/yingchun.he/study/egg-example/node_modules/koa-compose/index.js:44:32)
    at next (/Users/yingchun.he/study/egg-example/node_modules/koa-compose/index.js:45:18)
    at /Users/yingchun.he/study/egg-example/node_modules/@eggjs/router/lib/router.js:186:18
    at dispatch (/Users/yingchun.he/study/egg-example/node_modules/koa-compose/index.js:44:32)
    at /Users/yingchun.he/study/egg-example/node_modules/koa-compose/index.js:36:12

pid: 65712
hostname: hehe-2.local

2023-04-18 19:41:01,694 ERROR 96619 [-/::1/-/9ms GET /getSchema] nodejs.TypeError: Cannot set property header of #<Object> which has only a getter
    at NewsController.cache (/Users/yingchun.he/study/egg-example/app/controller/schema.js:429:30)
    at Object.callFn (/Users/yingchun.he/study/egg-example/node_modules/egg-core/lib/utils/index.js:44:21)
    at Object.classControllerMiddleware (/Users/yingchun.he/study/egg-example/node_modules/egg-core/lib/loader/mixin/controller.js:87:20)
    at Object.callFn (/Users/yingchun.he/study/egg-example/node_modules/@eggjs/router/lib/utils.js:12:21)
    at wrappedController (/Users/yingchun.he/study/egg-example/node_modules/@eggjs/router/lib/egg_router.js:322:18)
    at dispatch (/Users/yingchun.he/study/egg-example/node_modules/koa-compose/index.js:44:32)
    at next (/Users/yingchun.he/study/egg-example/node_modules/koa-compose/index.js:45:18)
    at /Users/yingchun.he/study/egg-example/node_modules/@eggjs/router/lib/router.js:186:18
    at dispatch (/Users/yingchun.he/study/egg-example/node_modules/koa-compose/index.js:44:32)
    at /Users/yingchun.he/study/egg-example/node_modules/koa-compose/index.js:36:12

pid: 96619
hostname: hehe-2.local

2023-04-18 19:42:42,071 ERROR 96823 [-/::1/-/9ms GET /getSchema] nodejs.TypeError: Cannot read properties of undefined (reading 'apply')
    at Object.proto.<computed> [as set] (/Users/yingchun.he/study/egg-example/node_modules/delegates/index.js:40:31)
    at xframe (/Users/yingchun.he/study/egg-example/node_modules/egg-security/lib/middlewares/xframe.js:16:9)
    at processTicksAndRejections (node:internal/process/task_queues:96:5)
    at async xssProtection (/Users/yingchun.he/study/egg-example/node_modules/egg-security/lib/middlewares/xssProtection.js:7:5)
    at async nosniff (/Users/yingchun.he/study/egg-example/node_modules/egg-security/lib/middlewares/nosniff.js:8:5)
    at async noopen (/Users/yingchun.he/study/egg-example/node_modules/egg-security/lib/middlewares/noopen.js:8:5)
    at async session (/Users/yingchun.he/study/egg-example/node_modules/koa-session/index.js:41:7)
    at async bodyParser (/Users/yingchun.he/study/egg-example/node_modules/koa-bodyparser/index.js:91:5)
    at async /Users/yingchun.he/study/egg-example/node_modules/koa-static-cache/index.js:41:56
    at async notfound (/Users/yingchun.he/study/egg-example/node_modules/egg/app/middleware/notfound.js:5:5)
headerSent: true
pid: 96823
hostname: hehe-2.local

2023-04-18 19:42:50,575 ERROR 96842 [-/::1/-/11ms GET /getSchema] nodejs.TypeError: Cannot read properties of undefined (reading 'apply')
    at Object.proto.<computed> [as set] (/Users/yingchun.he/study/egg-example/node_modules/delegates/index.js:40:31)
    at xframe (/Users/yingchun.he/study/egg-example/node_modules/egg-security/lib/middlewares/xframe.js:16:9)
    at processTicksAndRejections (node:internal/process/task_queues:96:5)
    at async xssProtection (/Users/yingchun.he/study/egg-example/node_modules/egg-security/lib/middlewares/xssProtection.js:7:5)
    at async nosniff (/Users/yingchun.he/study/egg-example/node_modules/egg-security/lib/middlewares/nosniff.js:8:5)
    at async noopen (/Users/yingchun.he/study/egg-example/node_modules/egg-security/lib/middlewares/noopen.js:8:5)
    at async session (/Users/yingchun.he/study/egg-example/node_modules/koa-session/index.js:41:7)
    at async bodyParser (/Users/yingchun.he/study/egg-example/node_modules/koa-bodyparser/index.js:91:5)
    at async /Users/yingchun.he/study/egg-example/node_modules/koa-static-cache/index.js:41:56
    at async notfound (/Users/yingchun.he/study/egg-example/node_modules/egg/app/middleware/notfound.js:5:5)
headerSent: true
pid: 96842
hostname: hehe-2.local

2023-04-18 22:38:36,226 WARN 59063 [-/127.0.0.1/-/31ms POST /saveSchema] missing csrf token. See https://eggjs.org/zh-cn/core/security.html#安全威胁csrf的防范
2023-04-18 22:38:36,230 WARN 59063 [-/127.0.0.1/-/35ms POST /saveSchema] nodejs.ForbiddenError: missing csrf token
    at Object.throw (/Users/heyingchun/study/egg-example/node_modules/.pnpm/koa@2.14.2/node_modules/koa/lib/context.js:97:11)
    at Object.assertCsrf (/Users/heyingchun/study/egg-example/node_modules/.pnpm/egg-security@2.11.0/node_modules/egg-security/app/extend/context.js:163:32)
    at csrf (/Users/heyingchun/study/egg-example/node_modules/.pnpm/egg-security@2.11.0/node_modules/egg-security/lib/middlewares/csrf.js:39:9)
    at dispatch (/Users/heyingchun/study/egg-example/node_modules/.pnpm/koa-compose@4.1.0/node_modules/koa-compose/index.js:42:32)
    at /Users/heyingchun/study/egg-example/node_modules/.pnpm/koa-compose@4.1.0/node_modules/koa-compose/index.js:34:12
    at dispatch (/Users/heyingchun/study/egg-example/node_modules/.pnpm/koa-compose@4.1.0/node_modules/koa-compose/index.js:42:32)
    at session (/Users/heyingchun/study/egg-example/node_modules/.pnpm/koa-session@6.4.0/node_modules/koa-session/index.js:41:13)
    at dispatch (/Users/heyingchun/study/egg-example/node_modules/.pnpm/koa-compose@4.1.0/node_modules/koa-compose/index.js:42:32)
    at overrideMethod (/Users/heyingchun/study/egg-example/node_modules/.pnpm/koa-override@3.0.0/node_modules/koa-override/index.js:38:12)
    at dispatch (/Users/heyingchun/study/egg-example/node_modules/.pnpm/koa-compose@4.1.0/node_modules/koa-compose/index.js:42:32)
message: "missing csrf token"
headers: {"Access-Control-Allow-Origin":"*","vary":"Origin"}
pid: 59063
hostname: hehe

2023-04-18 22:40:38,766 WARN 59136 [-/127.0.0.1/-/26ms POST /saveSchema] missing csrf token. See https://eggjs.org/zh-cn/core/security.html#安全威胁csrf的防范
2023-04-18 22:40:38,769 WARN 59136 [-/127.0.0.1/-/29ms POST /saveSchema] nodejs.ForbiddenError: missing csrf token
    at Object.throw (/Users/heyingchun/study/egg-example/node_modules/.pnpm/koa@2.14.2/node_modules/koa/lib/context.js:97:11)
    at Object.assertCsrf (/Users/heyingchun/study/egg-example/node_modules/.pnpm/egg-security@2.11.0/node_modules/egg-security/app/extend/context.js:163:32)
    at csrf (/Users/heyingchun/study/egg-example/node_modules/.pnpm/egg-security@2.11.0/node_modules/egg-security/lib/middlewares/csrf.js:39:9)
    at dispatch (/Users/heyingchun/study/egg-example/node_modules/.pnpm/koa-compose@4.1.0/node_modules/koa-compose/index.js:42:32)
    at /Users/heyingchun/study/egg-example/node_modules/.pnpm/koa-compose@4.1.0/node_modules/koa-compose/index.js:34:12
    at dispatch (/Users/heyingchun/study/egg-example/node_modules/.pnpm/koa-compose@4.1.0/node_modules/koa-compose/index.js:42:32)
    at session (/Users/heyingchun/study/egg-example/node_modules/.pnpm/koa-session@6.4.0/node_modules/koa-session/index.js:41:13)
    at dispatch (/Users/heyingchun/study/egg-example/node_modules/.pnpm/koa-compose@4.1.0/node_modules/koa-compose/index.js:42:32)
    at overrideMethod (/Users/heyingchun/study/egg-example/node_modules/.pnpm/koa-override@3.0.0/node_modules/koa-override/index.js:38:12)
    at dispatch (/Users/heyingchun/study/egg-example/node_modules/.pnpm/koa-compose@4.1.0/node_modules/koa-compose/index.js:42:32)
message: "missing csrf token"
headers: {"Access-Control-Allow-Origin":"*","vary":"Origin"}
pid: 59136
hostname: hehe

2023-04-18 22:41:44,413 WARN 59238 [-/127.0.0.1/-/31ms POST /saveSchema] missing csrf token. See https://eggjs.org/zh-cn/core/security.html#安全威胁csrf的防范
2023-04-18 22:41:44,415 WARN 59238 [-/127.0.0.1/-/33ms POST /saveSchema] nodejs.ForbiddenError: missing csrf token
    at Object.throw (/Users/heyingchun/study/egg-example/node_modules/.pnpm/koa@2.14.2/node_modules/koa/lib/context.js:97:11)
    at Object.assertCsrf (/Users/heyingchun/study/egg-example/node_modules/.pnpm/egg-security@2.11.0/node_modules/egg-security/app/extend/context.js:163:32)
    at csrf (/Users/heyingchun/study/egg-example/node_modules/.pnpm/egg-security@2.11.0/node_modules/egg-security/lib/middlewares/csrf.js:39:9)
    at dispatch (/Users/heyingchun/study/egg-example/node_modules/.pnpm/koa-compose@4.1.0/node_modules/koa-compose/index.js:42:32)
    at /Users/heyingchun/study/egg-example/node_modules/.pnpm/koa-compose@4.1.0/node_modules/koa-compose/index.js:34:12
    at dispatch (/Users/heyingchun/study/egg-example/node_modules/.pnpm/koa-compose@4.1.0/node_modules/koa-compose/index.js:42:32)
    at session (/Users/heyingchun/study/egg-example/node_modules/.pnpm/koa-session@6.4.0/node_modules/koa-session/index.js:41:13)
    at dispatch (/Users/heyingchun/study/egg-example/node_modules/.pnpm/koa-compose@4.1.0/node_modules/koa-compose/index.js:42:32)
    at overrideMethod (/Users/heyingchun/study/egg-example/node_modules/.pnpm/koa-override@3.0.0/node_modules/koa-override/index.js:38:12)
    at dispatch (/Users/heyingchun/study/egg-example/node_modules/.pnpm/koa-compose@4.1.0/node_modules/koa-compose/index.js:42:32)
message: "missing csrf token"
headers: {"Access-Control-Allow-Origin":"*","vary":"Origin"}
pid: 59238
hostname: hehe

